2025-07-17 22:16:23,410 - session_service - INFO - Created new session 60ac3706-9731-42e7-8c75-496eb92fa58e for user test_user_1
2025-07-17 22:16:23,410 - session_service - INFO - Created new session 60ac3706-9731-42e7-8c75-496eb92fa58e for user test_user_1
2025-07-17 22:31:01,319 - session_service - INFO - Created new session deddbf47-8c01-4d36-a1bd-067acc91d411 for user test_user_integration
2025-07-17 22:31:01,319 - session_service - INFO - Created new session deddbf47-8c01-4d36-a1bd-067acc91d411 for user test_user_integration
2025-07-17 22:31:35,405 - session_service - INFO - Created new session a98b4770-b26f-455c-aad0-648a16cc1012 for user test_user_integration
2025-07-17 22:31:35,405 - session_service - INFO - Created new session a98b4770-b26f-455c-aad0-648a16cc1012 for user test_user_integration
2025-07-17 22:32:35,911 - session_service - INFO - Created new session 76a57397-a381-4516-ab0d-b031e00ab55a for user test_user_integration
2025-07-17 22:32:35,911 - session_service - INFO - Created new session 76a57397-a381-4516-ab0d-b031e00ab55a for user test_user_integration
2025-07-17 22:34:49,824 - session_service - INFO - Created new session 9fc960d5-a2bf-48da-97f4-d7adf650269c for user demo_user
2025-07-17 22:34:49,824 - session_service - INFO - Created new session 9fc960d5-a2bf-48da-97f4-d7adf650269c for user demo_user
2025-07-17 22:35:22,601 - session_service - INFO - Created new session d8170626-58ff-45f3-8d3a-81f894fddc4a for user demo_user
2025-07-17 22:35:22,601 - session_service - INFO - Created new session d8170626-58ff-45f3-8d3a-81f894fddc4a for user demo_user
2025-07-17 22:50:24,967 - session_service - INFO - Created new session 7bac2c4d-697f-43ba-881c-b1e653986f1d for user test_user
2025-07-17 22:50:24,967 - session_service - INFO - Created new session 7bac2c4d-697f-43ba-881c-b1e653986f1d for user test_user
2025-07-18 20:43:40,596 - session_service - INFO - Created new session 975495f5-4498-4a4d-af02-1eacd4836d15 for user 1
2025-07-18 20:59:52,799 - session_service - INFO - Created new session 5c44fd8b-3d20-4525-9e91-b1142db092dc for user 1
2025-07-18 21:28:15,928 - session_service - INFO - Created new session ed05cff9-d588-411f-9c07-7375cb058327 for user 1
2025-07-18 21:28:15,928 - session_service - INFO - Created new session ed05cff9-d588-411f-9c07-7375cb058327 for user 1
2025-07-18 21:51:22,077 - session_service - INFO - Created new session a6622ba8-c165-463f-b568-46cbb2df67b4 for user 1
2025-07-18 21:51:22,077 - session_service - INFO - Created new session a6622ba8-c165-463f-b568-46cbb2df67b4 for user 1
2025-07-18 21:52:18,298 - session_service - INFO - Created new session 14cca4c1-5ef1-48a4-8858-7e149599bfb2 for user 1
2025-07-18 21:52:18,298 - session_service - INFO - Created new session 14cca4c1-5ef1-48a4-8858-7e149599bfb2 for user 1
2025-07-18 21:52:40,443 - session_service - WARNING - Session [object Object] not found
2025-07-18 21:52:40,443 - session_service - WARNING - Session [object Object] not found
2025-07-18 21:54:03,288 - session_service - INFO - Deleted session file: 975495f5-4498-4a4d-af02-1eacd4836d15
2025-07-18 21:54:03,288 - session_service - INFO - Deleted session file: 975495f5-4498-4a4d-af02-1eacd4836d15
2025-07-18 21:54:07,890 - session_service - WARNING - Session 975495f5-4498-4a4d-af02-1eacd4836d15 not found
2025-07-18 21:54:07,890 - session_service - WARNING - Session 975495f5-4498-4a4d-af02-1eacd4836d15 not found
2025-07-18 21:54:07,891 - session_service - WARNING - Session file not found: 975495f5-4498-4a4d-af02-1eacd4836d15
2025-07-18 21:54:07,891 - session_service - WARNING - Session file not found: 975495f5-4498-4a4d-af02-1eacd4836d15
2025-07-18 21:54:10,164 - session_service - WARNING - Session 975495f5-4498-4a4d-af02-1eacd4836d15 not found
2025-07-18 21:54:10,164 - session_service - WARNING - Session 975495f5-4498-4a4d-af02-1eacd4836d15 not found
2025-07-18 21:54:14,560 - session_service - WARNING - Session 975495f5-4498-4a4d-af02-1eacd4836d15 not found
2025-07-18 21:54:14,560 - session_service - WARNING - Session 975495f5-4498-4a4d-af02-1eacd4836d15 not found
2025-07-18 21:54:14,621 - session_service - WARNING - Session 975495f5-4498-4a4d-af02-1eacd4836d15 not found
2025-07-18 21:54:14,621 - session_service - WARNING - Session 975495f5-4498-4a4d-af02-1eacd4836d15 not found
2025-07-18 21:54:43,238 - session_service - WARNING - Session 975495f5-4498-4a4d-af02-1eacd4836d15 not found
2025-07-18 21:54:43,238 - session_service - WARNING - Session 975495f5-4498-4a4d-af02-1eacd4836d15 not found
2025-07-18 21:58:01,842 - session_service - INFO - Deleted session file: a6622ba8-c165-463f-b568-46cbb2df67b4
2025-07-18 21:58:01,842 - session_service - INFO - Deleted session file: a6622ba8-c165-463f-b568-46cbb2df67b4
2025-07-18 21:58:10,892 - session_service - INFO - Deleted session file: 5c44fd8b-3d20-4525-9e91-b1142db092dc
2025-07-18 21:58:10,892 - session_service - INFO - Deleted session file: 5c44fd8b-3d20-4525-9e91-b1142db092dc
2025-07-18 21:58:14,858 - session_service - WARNING - Session 5c44fd8b-3d20-4525-9e91-b1142db092dc not found
2025-07-18 21:58:14,858 - session_service - WARNING - Session 5c44fd8b-3d20-4525-9e91-b1142db092dc not found
2025-07-18 21:58:14,858 - session_service - WARNING - Session file not found: 5c44fd8b-3d20-4525-9e91-b1142db092dc
2025-07-18 21:58:14,858 - session_service - WARNING - Session file not found: 5c44fd8b-3d20-4525-9e91-b1142db092dc
2025-07-18 21:59:19,153 - session_service - INFO - Updated session ed05cff9-d588-411f-9c07-7375cb058327
2025-07-18 21:59:19,153 - session_service - INFO - Updated session ed05cff9-d588-411f-9c07-7375cb058327
2025-07-18 22:00:05,725 - session_service - WARNING - Session 5c44fd8b-3d20-4525-9e91-b1142db092dc not found
2025-07-18 22:00:05,725 - session_service - WARNING - Session 5c44fd8b-3d20-4525-9e91-b1142db092dc not found
2025-07-18 22:00:05,725 - session_service - WARNING - Session file not found: 5c44fd8b-3d20-4525-9e91-b1142db092dc
2025-07-18 22:00:05,725 - session_service - WARNING - Session file not found: 5c44fd8b-3d20-4525-9e91-b1142db092dc
2025-07-18 22:00:09,655 - session_service - WARNING - Session a6622ba8-c165-463f-b568-46cbb2df67b4 not found
2025-07-18 22:00:09,655 - session_service - WARNING - Session a6622ba8-c165-463f-b568-46cbb2df67b4 not found
2025-07-18 22:00:09,655 - session_service - WARNING - Session file not found: a6622ba8-c165-463f-b568-46cbb2df67b4
2025-07-18 22:00:09,655 - session_service - WARNING - Session file not found: a6622ba8-c165-463f-b568-46cbb2df67b4
2025-07-18 22:00:27,131 - session_service - WARNING - Session a6622ba8-c165-463f-b568-46cbb2df67b4 not found
2025-07-18 22:00:27,131 - session_service - WARNING - Session a6622ba8-c165-463f-b568-46cbb2df67b4 not found
2025-07-18 22:00:27,131 - session_service - WARNING - Session file not found: a6622ba8-c165-463f-b568-46cbb2df67b4
2025-07-18 22:00:27,131 - session_service - WARNING - Session file not found: a6622ba8-c165-463f-b568-46cbb2df67b4
2025-07-18 22:01:01,641 - session_service - WARNING - Session 975495f5-4498-4a4d-af02-1eacd4836d15 not found
2025-07-18 22:01:01,641 - session_service - WARNING - Session 975495f5-4498-4a4d-af02-1eacd4836d15 not found
2025-07-18 22:01:01,716 - session_service - WARNING - Session 975495f5-4498-4a4d-af02-1eacd4836d15 not found
2025-07-18 22:01:01,716 - session_service - WARNING - Session 975495f5-4498-4a4d-af02-1eacd4836d15 not found
2025-07-18 22:01:08,014 - session_service - INFO - Updated session 14cca4c1-5ef1-48a4-8858-7e149599bfb2
2025-07-18 22:01:08,014 - session_service - INFO - Updated session 14cca4c1-5ef1-48a4-8858-7e149599bfb2
